<?xml version="1.0" encoding="UTF-8"?>
<!-- Generated by org.testng.reporters.JUnitReportReporter -->
<testsuite hostname="LAPTOP-PU8VKKP8" failures="0" tests="1" name="Testcases.LoginApplication" time="11.965" errors="0" timestamp="2022-08-23T14:52:08 IST" skipped="0">
  <testcase classname="Testcases.LoginApplication" name="Login" time="11.965"/>
  <system-out/>
</testsuite> <!-- Testcases.LoginApplication -->
